[ 2016-10-23T17:10:56+08:00 ] ::1 /GitRepository/GitHub/SimpleBlog/
INFO: [ app_init ] --START--
INFO: Run Behavior\BuildLiteBehavior [ RunTime:0.000030s ]
INFO: [ app_init ] --END-- [ RunTime:0.000240s ]
INFO: [ app_begin ] --START--
INFO: Run Behavior\ReadHtmlCacheBehavior [ RunTime:0.002069s ]
INFO: [ app_begin ] --END-- [ RunTime:0.002155s ]
INFO: [ view_parse ] --START--
INFO: [ template_filter ] --START--
INFO: Run Behavior\ContentReplaceBehavior [ RunTime:0.000053s ]
INFO: [ template_filter ] --END-- [ RunTime:0.000135s ]
INFO: Run Behavior\ParseTemplateBehavior [ RunTime:0.018012s ]
INFO: [ view_parse ] --END-- [ RunTime:0.018094s ]
INFO: [ view_filter ] --START--
INFO: Run Behavior\WriteHtmlCacheBehavior [ RunTime:0.001009s ]
INFO: [ view_filter ] --END-- [ RunTime:0.001048s ]
INFO: [ app_end ] --START--
INFO: Run Behavior\ShowPageTraceBehavior [ RunTime:0.001171s ]
INFO: [ app_end ] --END-- [ RunTime:0.001213s ]

[ 2016-10-23T17:11:35+08:00 ] ::1 /GitRepository/GitHub/SimpleBlog/
INFO: [ app_init ] --START--
INFO: Run Behavior\BuildLiteBehavior [ RunTime:0.000017s ]
INFO: [ app_init ] --END-- [ RunTime:0.000743s ]
INFO: [ app_begin ] --START--
INFO: Run Behavior\ReadHtmlCacheBehavior [ RunTime:0.001222s ]
INFO: [ app_begin ] --END-- [ RunTime:0.001280s ]
INFO: [ view_parse ] --START--
INFO: Run Behavior\ParseTemplateBehavior [ RunTime:0.001593s ]
INFO: [ view_parse ] --END-- [ RunTime:0.001687s ]
INFO: [ view_filter ] --START--
INFO: Run Behavior\WriteHtmlCacheBehavior [ RunTime:0.001851s ]
INFO: [ view_filter ] --END-- [ RunTime:0.001942s ]
INFO: [ app_end ] --START--
INFO: Run Behavior\ShowPageTraceBehavior [ RunTime:0.002241s ]
INFO: [ app_end ] --END-- [ RunTime:0.002331s ]

[ 2016-10-23T17:34:47+08:00 ] ::1 /GitRepository/GitHub/SimpleBlog/index.php/home/aritcle/index
ERR: 无法加载控制器:Home

[ 2016-10-23T17:34:56+08:00 ] ::1 /GitRepository/GitHub/SimpleBlog/index.php/aritcle/index
ERR: 无法加载控制器:Aritcle

[ 2016-10-23T17:53:13+08:00 ] ::1 /GitRepository/GitHub/SimpleBlog/index.php/article/css/themify-icons.css
ERR: 非法操作:css

[ 2016-10-23T17:53:13+08:00 ] ::1 /GitRepository/GitHub/SimpleBlog/index.php/article/js/jquery.min.js
ERR: 非法操作:js

[ 2016-10-23T17:53:13+08:00 ] ::1 /GitRepository/GitHub/SimpleBlog/index.php/article/css/theme.css
ERR: 非法操作:css

[ 2016-10-23T17:53:13+08:00 ] ::1 /GitRepository/GitHub/SimpleBlog/index.php/article/css/custom.css
ERR: 非法操作:css

[ 2016-10-23T17:53:13+08:00 ] ::1 /GitRepository/GitHub/SimpleBlog/index.php/article/js/bootstrap.min.js
ERR: 非法操作:js

[ 2016-10-23T17:53:56+08:00 ] ::1 /GitRepository/GitHub/SimpleBlog/index.php/article/js/jquery.min.js
ERR: 非法操作:js

[ 2016-10-23T17:53:56+08:00 ] ::1 /GitRepository/GitHub/SimpleBlog/index.php/article/js/bootstrap.min.js
ERR: 非法操作:js

[ 2016-10-23T17:53:57+08:00 ] ::1 /GitRepository/GitHub/SimpleBlog/index.php/article/js/jquery.min.js
ERR: 非法操作:js

[ 2016-10-23T17:53:57+08:00 ] ::1 /GitRepository/GitHub/SimpleBlog/index.php/article/js/bootstrap.min.js
ERR: 非法操作:js

[ 2016-10-23T17:54:41+08:00 ] ::1 /GitRepository/GitHub/SimpleBlog/Public/Home/css/bootstrap.css.map
ERR: 无法加载控制器:Public

[ 2016-10-23T19:07:38+08:00 ] ::1 /GitRepository/GitHub/SimpleBlog/Public/Home/css/bootstrap.css.map
ERR: 无法加载控制器:Public

[ 2016-10-23T19:08:32+08:00 ] ::1 /GitRepository/GitHub/SimpleBlog/Public/Home/css/bootstrap.css.map
ERR: 无法加载控制器:Public

[ 2016-10-23T19:09:45+08:00 ] ::1 /GitRepository/GitHub/SimpleBlog/Public/Home/css/bootstrap.css.map
ERR: 无法加载控制器:Public

[ 2016-10-23T21:16:47+08:00 ] ::1 /GitRepository/GitHub/SimpleBlog/Public/Home/css/style.min.css
ERR: 无法加载控制器:Public

[ 2016-10-23T21:20:55+08:00 ] ::1 /GitRepository/GitHub/SimpleBlog/Public/Home/css/style.min.css
ERR: 无法加载控制器:Public

