[ 2016-10-23T17:11:44+08:00 ] ::1 /GitRepository/GitHub/SimpleBlog/
INFO: [ app_init ] --START--
INFO: Run Behavior\BuildLiteBehavior [ RunTime:0.000027s ]
INFO: [ app_init ] --END-- [ RunTime:0.001153s ]
INFO: [ app_begin ] --START--
INFO: Run Behavior\ReadHtmlCacheBehavior [ RunTime:0.001821s ]
INFO: [ app_begin ] --END-- [ RunTime:0.001936s ]
INFO: [ view_parse ] --START--
INFO: [ template_filter ] --START--
INFO: Run Behavior\ContentReplaceBehavior [ RunTime:0.000040s ]
INFO: [ template_filter ] --END-- [ RunTime:0.000098s ]
INFO: Run Behavior\ParseTemplateBehavior [ RunTime:0.010033s ]
INFO: [ view_parse ] --END-- [ RunTime:0.010120s ]
INFO: [ view_filter ] --START--
INFO: Run Behavior\WriteHtmlCacheBehavior [ RunTime:0.001600s ]
INFO: [ view_filter ] --END-- [ RunTime:0.001683s ]
INFO: [ app_end ] --START--
INFO: Run Behavior\ShowPageTraceBehavior [ RunTime:0.002652s ]
INFO: [ app_end ] --END-- [ RunTime:0.002762s ]

[ 2016-10-23T19:51:59+08:00 ] ::1 /GitRepository/GitHub/SimpleBlog/admin.php/category/css/AdminLTE.css
ERR: 非法操作:css

[ 2016-10-23T19:51:59+08:00 ] ::1 /GitRepository/GitHub/SimpleBlog/admin.php/category/css/ionicons.min.css
ERR: 非法操作:css

[ 2016-10-23T19:51:59+08:00 ] ::1 /GitRepository/GitHub/SimpleBlog/admin.php/category/css/bootstrap.min.css
ERR: 非法操作:css

[ 2016-10-23T19:51:59+08:00 ] ::1 /GitRepository/GitHub/SimpleBlog/admin.php/category/css/font-awesome.min.css
ERR: 非法操作:css

[ 2016-10-23T19:51:59+08:00 ] ::1 /GitRepository/GitHub/SimpleBlog/admin.php/category/js/jquery.min.js
ERR: 非法操作:js

[ 2016-10-23T19:51:59+08:00 ] ::1 /GitRepository/GitHub/SimpleBlog/admin.php/category/js/bootstrap.min.js
ERR: 非法操作:js

[ 2016-10-23T19:51:59+08:00 ] ::1 /GitRepository/GitHub/SimpleBlog/admin.php/category/js/app.js
ERR: 非法操作:js

[ 2016-10-23T19:51:59+08:00 ] ::1 /GitRepository/GitHub/SimpleBlog/admin.php/category/js/jquery.min.js
ERR: 非法操作:js

[ 2016-10-23T19:51:59+08:00 ] ::1 /GitRepository/GitHub/SimpleBlog/admin.php/category/js/bootstrap.min.js
ERR: 非法操作:js

[ 2016-10-23T19:52:00+08:00 ] ::1 /GitRepository/GitHub/SimpleBlog/admin.php/category/js/app.js
ERR: 非法操作:js

[ 2016-10-23T19:52:06+08:00 ] ::1 /GitRepository/GitHub/SimpleBlog/admin.php/category/css/AdminLTE.css
ERR: 非法操作:css

[ 2016-10-23T19:52:06+08:00 ] ::1 /GitRepository/GitHub/SimpleBlog/admin.php/category/css/font-awesome.min.css
ERR: 非法操作:css

[ 2016-10-23T19:52:06+08:00 ] ::1 /GitRepository/GitHub/SimpleBlog/admin.php/category/css/bootstrap.min.css
ERR: 非法操作:css

[ 2016-10-23T19:52:06+08:00 ] ::1 /GitRepository/GitHub/SimpleBlog/admin.php/category/css/ionicons.min.css
ERR: 非法操作:css

[ 2016-10-23T19:52:06+08:00 ] ::1 /GitRepository/GitHub/SimpleBlog/admin.php/category/js/jquery.min.js
ERR: 非法操作:js

[ 2016-10-23T19:52:06+08:00 ] ::1 /GitRepository/GitHub/SimpleBlog/admin.php/category/js/app.js
ERR: 非法操作:js

[ 2016-10-23T19:52:06+08:00 ] ::1 /GitRepository/GitHub/SimpleBlog/admin.php/category/js/bootstrap.min.js
ERR: 非法操作:js

[ 2016-10-23T19:52:06+08:00 ] ::1 /GitRepository/GitHub/SimpleBlog/admin.php/category/js/app.js
ERR: 非法操作:js

[ 2016-10-23T19:52:12+08:00 ] ::1 /GitRepository/GitHub/SimpleBlog/admin.php/category/css/bootstrap.min.css
ERR: 非法操作:css

[ 2016-10-23T19:52:12+08:00 ] ::1 /GitRepository/GitHub/SimpleBlog/admin.php/category/css/AdminLTE.css
ERR: 非法操作:css

[ 2016-10-23T19:52:12+08:00 ] ::1 /GitRepository/GitHub/SimpleBlog/admin.php/category/css/ionicons.min.css
ERR: 非法操作:css

[ 2016-10-23T19:52:12+08:00 ] ::1 /GitRepository/GitHub/SimpleBlog/admin.php/category/css/font-awesome.min.css
ERR: 非法操作:css

[ 2016-10-23T19:52:12+08:00 ] ::1 /GitRepository/GitHub/SimpleBlog/admin.php/category/js/jquery.min.js
ERR: 非法操作:js

[ 2016-10-23T19:52:12+08:00 ] ::1 /GitRepository/GitHub/SimpleBlog/admin.php/category/js/app.js
ERR: 非法操作:js

[ 2016-10-23T19:52:12+08:00 ] ::1 /GitRepository/GitHub/SimpleBlog/admin.php/category/js/bootstrap.min.js
ERR: 非法操作:js

[ 2016-10-23T19:52:12+08:00 ] ::1 /GitRepository/GitHub/SimpleBlog/admin.php/category/js/app.js
ERR: 非法操作:js

[ 2016-10-23T19:54:55+08:00 ] ::1 /GitRepository/GitHub/SimpleBlog/admin.php/category/article_add.html
ERR: 非法操作:article_add

[ 2016-10-23T20:01:46+08:00 ] ::1 /GitRepository/GitHub/SimpleBlog/admin.php/category/category_list.html
ERR: 非法操作:category_list

[ 2016-10-23T21:53:33+08:00 ] ::1 /GitRepository/GitHub/SimpleBlog/admin.php/article/tag_list.html
ERR: 非法操作:tag_list

[ 2016-10-23T21:56:48+08:00 ] ::1 /GitRepository/GitHub/SimpleBlog/admin.php/article/index.html
ERR: 非法操作:index

[ 2016-10-23T21:56:56+08:00 ] ::1 /GitRepository/GitHub/SimpleBlog/admin.php/article/index.html
ERR: 非法操作:index

[ 2016-10-23T22:07:28+08:00 ] ::1 /GitRepository/GitHub/SimpleBlog/admin.php/Article/article_add.html
ERR: 非法操作:article_add

[ 2016-10-23T22:12:21+08:00 ] ::1 /GitRepository/GitHub/SimpleBlog/admin.php/Category/tag_list.html
ERR: 非法操作:tag_list

[ 2016-10-23T22:17:46+08:00 ] ::1 /GitRepository/GitHub/SimpleBlog/admin.php/Article/index.html
ERR: 非法操作:index

